  BrushTool.cpp
  PaintToolManager.cpp
C:\GitHubRepo\sfml_paint\sfml_paint\sfml_paint\PaintToolManager.cpp(40,55): warning C4244: 'argument': conversion from 'T' to 'float', possible loss of data
          with
          [
              T=int
          ]
C:\GitHubRepo\sfml_paint\sfml_paint\sfml_paint\PaintToolManager.cpp(40,43): warning C4244: 'argument': conversion from 'T' to 'float', possible loss of data
          with
          [
              T=int
          ]
  main.cpp
C:\GitHubRepo\sfml_paint\sfml_paint\sfml_paint\main.cpp(219,65): warning C4244: 'argument': conversion from 'unsigned int' to 'T', possible loss of data
          with
          [
              T=float
          ]
C:\GitHubRepo\sfml_paint\sfml_paint\sfml_paint\main.cpp(219,47): warning C4244: 'argument': conversion from 'unsigned int' to 'T', possible loss of data
          with
          [
              T=float
          ]
C:\GitHubRepo\sfml_paint\sfml_paint\sfml_paint\main.cpp(234,23): warning C4244: 'argument': conversion from 'int' to 'float', possible loss of data
C:\GitHubRepo\sfml_paint\sfml_paint\sfml_paint\main.cpp(236,59): warning C4244: 'argument': conversion from 'T' to 'float', possible loss of data
          with
          [
              T=int
          ]
C:\GitHubRepo\sfml_paint\sfml_paint\sfml_paint\main.cpp(236,40): warning C4244: 'argument': conversion from 'T' to 'float', possible loss of data
          with
          [
              T=int
          ]
C:\GitHubRepo\sfml_paint\sfml_paint\sfml_paint\main.cpp(246,44): warning C4244: 'argument': conversion from 'int' to 'T', possible loss of data
          with
          [
              T=float
          ]
C:\GitHubRepo\sfml_paint\sfml_paint\sfml_paint\main.cpp(246,33): warning C4244: 'argument': conversion from 'int' to 'T', possible loss of data
          with
          [
              T=float
          ]
C:\GitHubRepo\sfml_paint\sfml_paint\sfml_paint\main.cpp(248,58): warning C4244: 'argument': conversion from 'T' to 'float', possible loss of data
          with
          [
              T=int
          ]
C:\GitHubRepo\sfml_paint\sfml_paint\sfml_paint\main.cpp(248,39): warning C4244: 'argument': conversion from 'T' to 'float', possible loss of data
          with
          [
              T=int
          ]
C:\GitHubRepo\sfml_paint\sfml_paint\sfml_paint\main.cpp(270,22): warning C4018: '<': signed/unsigned mismatch
  Generating Code...
  sfml_paint.vcxproj -> C:\GitHubRepo\sfml_paint\sfml_paint\Debug\sfml_paint.exe
